This is pdfTeX, Version 3.1415926-2.3-1.40.12 (MiKTeX 2.9) (preloaded format=pdflatex 2012.4.17)  3 MAY 2012 15:19
entering extended mode
**ModeloTCC.tex
("C:\Users\Caps\Dropbox\Projeto Fitolitos\tcc\Escrita\ModeloLatex\ModeloTCC.tex
"
LaTeX2e <2011/06/27>
Babel <v3.8m> and hyphenation patterns for english, afrikaans, ancientgreek, ar
abic, armenian, assamese, basque, bengali, bokmal, bulgarian, catalan, coptic, 
croatian, czech, danish, dutch, esperanto, estonian, farsi, finnish, french, ga
lician, german, german-x-2009-06-19, greek, gujarati, hindi, hungarian, iceland
ic, indonesian, interlingua, irish, italian, kannada, kurmanji, lao, latin, lat
vian, lithuanian, malayalam, marathi, mongolian, mongolianlmc, monogreek, ngerm
an, ngerman-x-2009-06-19, nynorsk, oriya, panjabi, pinyin, polish, portuguese, 
romanian, russian, sanskrit, serbian, slovak, slovenian, spanish, swedish, swis
sgerman, tamil, telugu, turkish, turkmen, ukenglish, ukrainian, uppersorbian, u
senglishmax, welsh, loaded.
("C:\Program Files (x86)\MiKTeX 2.9\tex\latex\base\book.cls"
Document Class: book 2007/10/19 v1.4h Standard LaTeX document class
("C:\Program Files (x86)\MiKTeX 2.9\tex\latex\base\bk12.clo"
File: bk12.clo 2007/10/19 v1.4h Standard LaTeX file (size option)
)
\c@part=\count79
\c@chapter=\count80
\c@section=\count81
\c@subsection=\count82
\c@subsubsection=\count83
\c@paragraph=\count84
\c@subparagraph=\count85
\c@figure=\count86
\c@table=\count87
\abovecaptionskip=\skip41
\belowcaptionskip=\skip42
\bibindent=\dimen102
)
("C:\Program Files (x86)\MiKTeX 2.9\tex\generic\babel\babel.sty"
Package: babel 2008/07/08 v3.8m The Babel package

*************************************
* Local config file bblopts.cfg used
*
("C:\Program Files (x86)\MiKTeX 2.9\tex\latex\00miktex\bblopts.cfg"
File: bblopts.cfg 2006/07/31 v1.0 MiKTeX 'babel' configuration
)
("C:\Program Files (x86)\MiKTeX 2.9\tex\generic\babel\portuges.ldf"
Language: portuges 2008/03/18 v1.2q Portuguese support from the babel system

("C:\Program Files (x86)\MiKTeX 2.9\tex\generic\babel\babel.def"
File: babel.def 2008/07/08 v3.8m Babel common definitions
\babel@savecnt=\count88
\U@D=\dimen103
)
\l@brazil = a dialect from \language\l@portuges 
Package babel Info: Making " an active character on input line 145.
))
("C:\Program Files (x86)\MiKTeX 2.9\tex\latex\base\t1enc.sty"
Package: t1enc 1994/06/01 Standard LaTeX package
)
("C:\Program Files (x86)\MiKTeX 2.9\tex\latex\base\inputenc.sty"
Package: inputenc 2008/03/30 v1.1d Input encoding file
\inpenc@prehook=\toks14
\inpenc@posthook=\toks15

("C:\Program Files (x86)\MiKTeX 2.9\tex\latex\base\latin1.def"
File: latin1.def 2008/03/30 v1.1d Input encoding file
))
("C:\Program Files (x86)\MiKTeX 2.9\tex\latex\psnfss\times.sty"
Package: times 2005/04/12 PSNFSS-v9.2a (SPQR) 
)
("C:\Program Files (x86)\MiKTeX 2.9\tex\latex\base\latexsym.sty"
Package: latexsym 1998/08/17 v2.2e Standard LaTeX package (lasy symbols)
\symlasy=\mathgroup4
LaTeX Font Info:    Overwriting symbol font `lasy' in version `bold'
(Font)                  U/lasy/m/n --> U/lasy/b/n on input line 47.
)
("C:\Program Files (x86)\MiKTeX 2.9\tex\latex\base\alltt.sty"
Package: alltt 1997/06/16 v2.0g defines alltt environment
)
("C:\Program Files (x86)\MiKTeX 2.9\tex\latex\fancyhdr\fancyhdr.sty"
\fancy@headwidth=\skip43
\f@ncyO@elh=\skip44
\f@ncyO@erh=\skip45
\f@ncyO@olh=\skip46
\f@ncyO@orh=\skip47
\f@ncyO@elf=\skip48
\f@ncyO@erf=\skip49
\f@ncyO@olf=\skip50
\f@ncyO@orf=\skip51
)
("C:\Program Files (x86)\MiKTeX 2.9\tex\latex\tools\indentfirst.sty"
Package: indentfirst 1995/11/23 v1.03 Indent first paragraph (DPC)
)
("C:\Program Files (x86)\MiKTeX 2.9\tex\latex\ieeepes\vmargin.sty"
Package: vmargin 1999/06/01

Package `vmargin', V2.2, <1999/06/01>
\PaperWidth=\dimen104
\PaperHeight=\dimen105
) ("C:\Program Files (x86)\MiKTeX 2.9\tex\latex\bbm\bbm.sty"
Package: bbm 1999/03/15 V 1.2 provides fonts for set symbols - TH
LaTeX Font Info:    Overwriting math alphabet `\mathbbm' in version `bold'
(Font)                  U/bbm/m/n --> U/bbm/bx/n on input line 33.
LaTeX Font Info:    Overwriting math alphabet `\mathbbmss' in version `bold'
(Font)                  U/bbmss/m/n --> U/bbmss/bx/n on input line 35.
)
("C:\Users\Caps\Dropbox\Projeto Fitolitos\tcc\Escrita\ModeloLatex\ams.sty"
Package: ams 1996/01/09

Package `ams' <09 Jan 1996 13:53:56 BST>.
Copyright (C) 1990,1995 Mike Piff, University of Sheffield, England
("C:\Program Files (x86)\MiKTeX 2.9\tex\latex\amsfonts\amsfonts.sty"
Package: amsfonts 2009/06/22 v3.00 Basic AMSFonts support
\@emptytoks=\toks16
\symAMSa=\mathgroup5
\symAMSb=\mathgroup6
LaTeX Font Info:    Overwriting math alphabet `\mathfrak' in version `bold'
(Font)                  U/euf/m/n --> U/euf/b/n on input line 96.
)
Use option defs to define all the AMS symbol names
) ("C:\Program Files (x86)\MiKTeX 2.9\tex\latex\graphics\graphicx.sty"
Package: graphicx 1999/02/16 v1.0f Enhanced LaTeX Graphics (DPC,SPQR)

("C:\Program Files (x86)\MiKTeX 2.9\tex\latex\graphics\keyval.sty"
Package: keyval 1999/03/16 v1.13 key=value parser (DPC)
\KV@toks@=\toks17
)
("C:\Program Files (x86)\MiKTeX 2.9\tex\latex\graphics\graphics.sty"
Package: graphics 2009/02/05 v1.0o Standard LaTeX Graphics (DPC,SPQR)

("C:\Program Files (x86)\MiKTeX 2.9\tex\latex\graphics\trig.sty"
Package: trig 1999/03/16 v1.09 sin cos tan (DPC)
)
("C:\Program Files (x86)\MiKTeX 2.9\tex\latex\00miktex\graphics.cfg"
File: graphics.cfg 2007/01/18 v1.5 graphics configuration of teTeX/TeXLive
)
Package graphics Info: Driver file: pdftex.def on input line 91.

("C:\Program Files (x86)\MiKTeX 2.9\tex\latex\pdftex-def\pdftex.def"
File: pdftex.def 2011/05/27 v0.06d Graphics/color for pdfTeX

("C:\Program Files (x86)\MiKTeX 2.9\tex\generic\oberdiek\infwarerr.sty"
Package: infwarerr 2010/04/08 v1.3 Providing info/warning/message (HO)
)
("C:\Program Files (x86)\MiKTeX 2.9\tex\generic\oberdiek\ltxcmds.sty"
Package: ltxcmds 2011/04/18 v1.20 LaTeX kernel commands for general use (HO)
)
\Gread@gobject=\count89
))
\Gin@req@height=\dimen106
\Gin@req@width=\dimen107
)
("C:\Users\Caps\Dropbox\Projeto Fitolitos\tcc\Escrita\ModeloLatex\algorithmic.s
ty"
Package: algorithmic 

Document Style `algorithmic' - environment
("C:\Program Files (x86)\MiKTeX 2.9\tex\latex\base\ifthen.sty"
Package: ifthen 2001/05/26 v1.1c Standard LaTeX ifthen package (DPC)
)
("C:\Program Files (x86)\MiKTeX 2.9\tex\latex\tools\calc.sty"
Package: calc 2007/08/22 v4.3 Infix arithmetic (KKT,FJ)
\calc@Acount=\count90
\calc@Bcount=\count91
\calc@Adimen=\dimen108
\calc@Bdimen=\dimen109
\calc@Askip=\skip52
\calc@Bskip=\skip53
LaTeX Info: Redefining \setlength on input line 76.
LaTeX Info: Redefining \addtolength on input line 77.
\calc@Ccount=\count92
\calc@Cskip=\skip54
)
\c@ALC@line=\count93
\c@ALC@rem=\count94
\ALC@tlm=\skip55
)
("C:\Users\Caps\Dropbox\Projeto Fitolitos\tcc\Escrita\ModeloLatex\algorithm.sty
"
Package: algorithm 

Document Style `algorithm' - floating environment
("C:\Program Files (x86)\MiKTeX 2.9\tex\latex\float\float.sty"
Package: float 2001/11/08 v1.3d Float enhancements (AL)
\c@float@type=\count95
\float@exts=\toks18
\float@box=\box26
\@float@everytoks=\toks19
\@floatcapt=\box27
)
\@float@every@algorithm=\toks20
\c@algorithm=\count96
)
("C:\Users\Caps\Dropbox\Projeto Fitolitos\tcc\Escrita\ModeloLatex\clrscode.sty"
Package: clrscode 
\c@codelinenumber=\count97
\c@indent=\count98
\digitwidth=\skip56
\savecode=\box28
\codeboxwidth=\skip57
\c@thisindent=\count99
) ("C:\Program Files (x86)\MiKTeX 2.9\tex\latex\subfigure\subfigure.sty"
Package: subfigure 2002/07/30 v2.1.4 subfigure package
\subfigtopskip=\skip58
\subfigcapskip=\skip59
\subfigcaptopadj=\dimen110
\subfigbottomskip=\skip60
\subfigcapmargin=\dimen111
\subfiglabelskip=\skip61
\c@subfigure=\count100
\c@lofdepth=\count101
\c@subtable=\count102
\c@lotdepth=\count103

****************************************
* Local config file subfigure.cfg used *
****************************************
("C:\Program Files (x86)\MiKTeX 2.9\tex\latex\subfigure\subfigure.cfg")
\subfig@top=\skip62
\subfig@bottom=\skip63
)
("C:\Program Files (x86)\MiKTeX 2.9\tex\latex\ulem\ulem.sty"
\UL@box=\box29
\UL@hyphenbox=\box30
\UL@skip=\skip64
\UL@hook=\toks21
\UL@height=\dimen112
\UL@pe=\count104
\UL@pixel=\dimen113
\ULC@box=\box31
Package: ulem 2011/03/18
\ULdepth=\dimen114
)
("C:\Program Files (x86)\MiKTeX 2.9\tex\latex\wrapfig\wrapfig.sty"
\wrapoverhang=\dimen115
\WF@size=\dimen116
\c@WF@wrappedlines=\count105
\WF@box=\box32
\WF@everypar=\toks22
Package: wrapfig 2003/01/31  v 3.6
)
\defbaselineskip=\skip65
\@indexfile=\write3

Writing index file ModeloTCC.idx
\@glossaryfile=\write4
Writing glossary file ModeloTCC.glo 
("C:\Users\Caps\Dropbox\Projeto Fitolitos\tcc\Escrita\ModeloLatex\ModeloTCC.aux
"
("C:\Users\Caps\Dropbox\Projeto Fitolitos\tcc\Escrita\ModeloLatex\iniciais/capa
.aux")
("C:\Users\Caps\Dropbox\Projeto Fitolitos\tcc\Escrita\ModeloLatex\iniciais/rost
o.aux")
("C:\Users\Caps\Dropbox\Projeto Fitolitos\tcc\Escrita\ModeloLatex\iniciais/apro
va.aux")
("C:\Users\Caps\Dropbox\Projeto Fitolitos\tcc\Escrita\ModeloLatex\iniciais/agra
dece.aux")
("C:\Users\Caps\Dropbox\Projeto Fitolitos\tcc\Escrita\ModeloLatex\iniciais/suma
rio.aux")
("C:\Users\Caps\Dropbox\Projeto Fitolitos\tcc\Escrita\ModeloLatex\iniciais/resu
mo.aux")
("C:\Users\Caps\Dropbox\Projeto Fitolitos\tcc\Escrita\ModeloLatex\capitulo1/cap
itulo1.aux")
("C:\Users\Caps\Dropbox\Projeto Fitolitos\tcc\Escrita\ModeloLatex\capitulo2/cap
itulo2.aux")
("C:\Users\Caps\Dropbox\Projeto Fitolitos\tcc\Escrita\ModeloLatex\apend1/apendi
ce1.aux")
("C:\Users\Caps\Dropbox\Projeto Fitolitos\tcc\Escrita\ModeloLatex\apend2/apendi
ce2.aux")
("C:\Users\Caps\Dropbox\Projeto Fitolitos\tcc\Escrita\ModeloLatex\glossario/glo
ssario.aux"))
LaTeX Font Info:    Checking defaults for OML/cmm/m/it on input line 109.
LaTeX Font Info:    ... okay on input line 109.
LaTeX Font Info:    Checking defaults for T1/cmr/m/n on input line 109.
LaTeX Font Info:    ... okay on input line 109.
LaTeX Font Info:    Checking defaults for OT1/cmr/m/n on input line 109.
LaTeX Font Info:    ... okay on input line 109.
LaTeX Font Info:    Checking defaults for OMS/cmsy/m/n on input line 109.
LaTeX Font Info:    ... okay on input line 109.
LaTeX Font Info:    Checking defaults for OMX/cmex/m/n on input line 109.
LaTeX Font Info:    ... okay on input line 109.
LaTeX Font Info:    Checking defaults for U/cmr/m/n on input line 109.
LaTeX Font Info:    ... okay on input line 109.
LaTeX Font Info:    Try loading font information for T1+ptm on input line 109.
 ("C:\Program Files (x86)\MiKTeX 2.9\tex\latex\psnfss\t1ptm.fd"
File: t1ptm.fd 2001/06/04 font definitions for T1/ptm.
)
("C:\Program Files (x86)\MiKTeX 2.9\tex\context\base\supp-pdf.mkii"
[Loading MPS to PDF converter (version 2006.09.02).]
\scratchcounter=\count106
\scratchdimen=\dimen117
\scratchbox=\box33
\nofMPsegments=\count107
\nofMParguments=\count108
\everyMPshowfont=\toks23
\MPscratchCnt=\count109
\MPscratchDim=\dimen118
\MPnumerator=\count110
\makeMPintoPDFobject=\count111
\everyMPtoPDFconversion=\toks24
)
("C:\Users\Caps\Dropbox\Projeto Fitolitos\tcc\Escrita\ModeloLatex\iniciais/capa
.tex" <simbolo.jpg, id=1, 54.9553pt x 38.39343pt>
File: simbolo.jpg Graphic file (type jpg)
 <use simbolo.jpg>
Package pdftex.def Info: simbolo.jpg used on input line 16.
(pdftex.def)             Requested size: 89.05978pt x 62.31592pt.
LaTeX Font Info:    Font shape `T1/ptm/bx/n' in size <13> not available
(Font)              Font shape `T1/ptm/b/n' tried instead on input line 20.
LaTeX Font Info:    Font shape `T1/ptm/bx/n' in size <11> not available
(Font)              Font shape `T1/ptm/b/n' tried instead on input line 24.
LaTeX Font Info:    Font shape `T1/ptm/bx/it' in size <11> not available
(Font)              Font shape `T1/ptm/b/it' tried instead on input line 24.
) [1


{C:/ProgramData/MiKTeX/2.9/pdftex/config/pdftex.map} <C:/Users/Caps/Dropbox/Pro
jeto Fitolitos/tcc/Escrita/ModeloLatex/simbolo.jpg>]
("C:\Users\Caps\Dropbox\Projeto Fitolitos\tcc\Escrita\ModeloLatex\iniciais/rost
o.tex"
LaTeX Font Info:    Font shape `T1/ptm/bx/n' in size <12> not available
(Font)              Font shape `T1/ptm/b/n' tried instead on input line 15.
LaTeX Font Info:    Font shape `T1/ptm/bx/n' in size <14> not available
(Font)              Font shape `T1/ptm/b/n' tried instead on input line 18.

Underfull \hbox (badness 1072) in paragraph at lines 25--26
[]\T1/ptm/m/n/12 Monografia apre-sen-tada como re-qui-sito par-cial
 []

LaTeX Font Info:    Try loading font information for U+lasy on input line 30.
("C:\Program Files (x86)\MiKTeX 2.9\tex\latex\base\ulasy.fd"
File: ulasy.fd 1998/08/17 v2.2e LaTeX symbol font definitions
)
LaTeX Font Info:    Try loading font information for U+msa on input line 30.

("C:\Program Files (x86)\MiKTeX 2.9\tex\latex\amsfonts\umsa.fd"
File: umsa.fd 2009/06/22 v3.00 AMS symbols A
)
LaTeX Font Info:    Try loading font information for U+msb on input line 30.

("C:\Program Files (x86)\MiKTeX 2.9\tex\latex\amsfonts\umsb.fd"
File: umsb.fd 2009/06/22 v3.00 AMS symbols B
) [2


]) [3]
("C:\Users\Caps\Dropbox\Projeto Fitolitos\tcc\Escrita\ModeloLatex\iniciais/apro
va.tex" [4


]) [5]
("C:\Users\Caps\Dropbox\Projeto Fitolitos\tcc\Escrita\ModeloLatex\iniciais/agra
dece.tex") [6


]
("C:\Users\Caps\Dropbox\Projeto Fitolitos\tcc\Escrita\ModeloLatex\iniciais/suma
rio.tex"
LaTeX Font Info:    Font shape `T1/ptm/bx/n' in size <24.88> not available
(Font)              Font shape `T1/ptm/b/n' tried instead on input line 9.

("C:\Users\Caps\Dropbox\Projeto Fitolitos\tcc\Escrita\ModeloLatex\ModeloTCC.lof
")
\tf@lof=\write5
 [7



]
("C:\Users\Caps\Dropbox\Projeto Fitolitos\tcc\Escrita\ModeloLatex\ModeloTCC.lot
")
\tf@lot=\write6
 [8

] [9

] [10

]
("C:\Users\Caps\Dropbox\Projeto Fitolitos\tcc\Escrita\ModeloLatex\ModeloTCC.toc
" [11

])
\tf@toc=\write7
) [12]
("C:\Users\Caps\Dropbox\Projeto Fitolitos\tcc\Escrita\ModeloLatex\iniciais/resu
mo.tex"
Underfull \hbox (badness 10000) in paragraph at lines 10--12

 []

) [13



]

Package Fancyhdr Warning: \fancyhead's `E' option without twoside option is use
less on input line 145.


Package Fancyhdr Warning: \fancyhead's `E' option without twoside option is use
less on input line 146.


("C:\Users\Caps\Dropbox\Projeto Fitolitos\tcc\Escrita\ModeloLatex\capitulo1/cap
itulo1.tex"
Cap\'{\i }tulo 1.
LaTeX Font Info:    Font shape `T1/ptm/bx/n' in size <17.28> not available
(Font)              Font shape `T1/ptm/b/n' tried instead on input line 4.
[1



] [2]
LaTeX Font Info:    Font shape `T1/ptm/bx/n' in size <14.4> not available
(Font)              Font shape `T1/ptm/b/n' tried instead on input line 67.

Underfull \hbox (badness 10000) in paragraph at lines 71--72

 []

<Figuras/Exemplo.jpg, id=55, 216.05719pt x 254.45062pt>
File: Figuras/Exemplo.jpg Graphic file (type jpg)

<use Figuras/Exemplo.jpg>
Package pdftex.def Info: Figuras/Exemplo.jpg used on input line 76.
(pdftex.def)             Requested size: 215.96432pt x 254.3801pt.
 [3] [4 <C:/Users/Caps/Dropbox/Projeto Fitolitos/tcc/Escrita/ModeloLatex/Figura
s/Exemplo.jpg>]
LaTeX Font Info:    Try loading font information for T1+pcr on input line 113.

("C:\Program Files (x86)\MiKTeX 2.9\tex\latex\psnfss\t1pcr.fd"
File: t1pcr.fd 2001/06/04 font definitions for T1/pcr.
) [5]
Underfull \hbox (badness 10000) in paragraph at lines 128--129

 []

[6]
Underfull \hbox (badness 10000) in paragraph at lines 153--154

 []

[7]
LaTeX Font Info:    Try loading font information for OMS+ptm on input line 174.

 ("C:\Program Files (x86)\MiKTeX 2.9\tex\latex\psnfss\omsptm.fd"
File: omsptm.fd 
)
LaTeX Font Info:    Font shape `OMS/ptm/m/n' in size <12> not available
(Font)              Font shape `OMS/cmsy/m/n' tried instead on input line 174.
) [8]
("C:\Users\Caps\Dropbox\Projeto Fitolitos\tcc\Escrita\ModeloLatex\capitulo2/cap
itulo2.tex"
Cap\'{\i }tulo 2.
[9



] [10] [11] [12] [13] [14] [15] [16] [17]
Underfull \hbox (badness 10000) in paragraph at lines 225--226

 []


Underfull \hbox (badness 10000) in paragraph at lines 232--233

 []


Underfull \hbox (badness 1067) in paragraph at lines 251--252
\T1/ptm/m/n/12 ser-ta-ção (Tipo da Dis-ser-ta-ção) -- Uni-ver-si-dade, Lo-cal, 
Mês Ano. Dis-ser-ta-
 []

[18]) [19]
("C:\Users\Caps\Dropbox\Projeto Fitolitos\tcc\Escrita\ModeloLatex\apend1/apendi
ce1.tex"
Ap\^endice A.

Overfull \hbox (20.24986pt too wide) in paragraph at lines 26--26
 []     \T1/pcr/m/n/10.95 AUTHOR = {Nome Completo do autor1 and Nome Completo d
o autor2},[] 
 []

LaTeX Font Info:    Font shape `T1/ptm/bx/n' in size <10.95> not available
(Font)              Font shape `T1/ptm/b/n' tried instead on input line 28.

Overfull \hbox (7.10988pt too wide) in paragraph at lines 44--44
 []   \T1/pcr/m/n/10.95 AUTHOR = {Nome Completo do autor1 and Nome Completo do 
autor2},[] 
 []

[20



]
Overfull \hbox (7.10988pt too wide) in paragraph at lines 65--65
 []   \T1/pcr/m/n/10.95 AUTHOR = {Nome Completo do autor1 and Nome Completo do 
autor2},[] 
 []


Overfull \hbox (7.10988pt too wide) in paragraph at lines 85--85
 []   \T1/pcr/m/n/10.95 AUTHOR = {Nome Completo do autor1 and Nome Completo do 
autor2},[] 
 []


Overfull \hbox (7.10988pt too wide) in paragraph at lines 99--99
 []   \T1/pcr/m/n/10.95 author = {Nome Completo do autor1 and Nome Completo do 
autor2},[] 
 []

[21]
Overfull \hbox (7.10988pt too wide) in paragraph at lines 115--115
 []   \T1/pcr/m/n/10.95 AUTHOR = {Nome Completo do autor1 and Nome Completo do 
autor2},[] 
 []


Overfull \hbox (26.81985pt too wide) in paragraph at lines 115--115
 []   \T1/pcr/m/n/10.95 INSTITUTION =  {Institução (empresa, universidade, facu
ldade, ...)[] 
 []


Overfull \hbox (7.10988pt too wide) in paragraph at lines 129--129
 []   \T1/pcr/m/n/10.95 AUTHOR = {Nome Completo do autor1 and Nome Completo do 
autor2},[] 
 []


Overfull \hbox (7.10988pt too wide) in paragraph at lines 143--143
 []   \T1/pcr/m/n/10.95 AUTHOR = {Nome Completo do autor1 and Nome Completo do 
autor2},[] 
 []


Overfull \hbox (7.10988pt too wide) in paragraph at lines 157--157
 []   \T1/pcr/m/n/10.95 author = {Nome Completo do autor1 and Nome Completo do 
autor2},[] 
 []


Overfull \hbox (39.95984pt too wide) in paragraph at lines 157--157
 []   \T1/pcr/m/n/10.95 howpublished = {Onde foi publicado. Se Internet, coloca
r: Consultado[] 
 []

[22]
Overfull \hbox (7.10988pt too wide) in paragraph at lines 170--170
 []   \T1/pcr/m/n/10.95 AUTHOR = {Nome Completo do autor1 and Nome Completo do 
autor2},[] 
 []

) [23]
No file apend2/apendice2.tex.

("C:\Users\Caps\Dropbox\Projeto Fitolitos\tcc\Escrita\ModeloLatex\glossario/glo
ssario.tex") [24





]
("C:\Users\Caps\Dropbox\Projeto Fitolitos\tcc\Escrita\ModeloLatex\ModeloTCC.bbl
"
Underfull \hbox (badness 10000) in paragraph at lines 59--61
[]\T1/ptm/m/n/12 BOVET, J. \T1/ptm/m/it/12 Vi-sual Au-to-mata Si-mu-la-tor\T1/p
tm/m/n/12 . 2005. Con-sul-tado na IN-TER-NET:
 []

[25


]) [26]
("C:\Users\Caps\Dropbox\Projeto Fitolitos\tcc\Escrita\ModeloLatex\ModeloTCC.aux
"
("C:\Users\Caps\Dropbox\Projeto Fitolitos\tcc\Escrita\ModeloLatex\iniciais/capa
.aux")
("C:\Users\Caps\Dropbox\Projeto Fitolitos\tcc\Escrita\ModeloLatex\iniciais/rost
o.aux")
("C:\Users\Caps\Dropbox\Projeto Fitolitos\tcc\Escrita\ModeloLatex\iniciais/apro
va.aux")
("C:\Users\Caps\Dropbox\Projeto Fitolitos\tcc\Escrita\ModeloLatex\iniciais/agra
dece.aux")
("C:\Users\Caps\Dropbox\Projeto Fitolitos\tcc\Escrita\ModeloLatex\iniciais/suma
rio.aux")
("C:\Users\Caps\Dropbox\Projeto Fitolitos\tcc\Escrita\ModeloLatex\iniciais/resu
mo.aux")
("C:\Users\Caps\Dropbox\Projeto Fitolitos\tcc\Escrita\ModeloLatex\capitulo1/cap
itulo1.aux")
("C:\Users\Caps\Dropbox\Projeto Fitolitos\tcc\Escrita\ModeloLatex\capitulo2/cap
itulo2.aux")
("C:\Users\Caps\Dropbox\Projeto Fitolitos\tcc\Escrita\ModeloLatex\apend1/apendi
ce1.aux")
("C:\Users\Caps\Dropbox\Projeto Fitolitos\tcc\Escrita\ModeloLatex\apend2/apendi
ce2.aux")
("C:\Users\Caps\Dropbox\Projeto Fitolitos\tcc\Escrita\ModeloLatex\glossario/glo
ssario.aux"))

LaTeX Warning: Label(s) may have changed. Rerun to get cross-references right.

 ) 
Here is how much of TeX's memory you used:
 2844 strings out of 494045
 43140 string characters out of 3145972
 97128 words of memory out of 3000000
 5927 multiletter control sequences out of 15000+200000
 65441 words of font info for 88 fonts, out of 3000000 for 9000
 724 hyphenation exceptions out of 8191
 27i,10n,45p,856b,499s stack positions out of 5000i,500n,10000p,200000b,50000s
{C:/Program Files (x86)/MiKTeX 2.9/fonts/enc/dvips/fontname/8r.enc}<C:/Progra
m Files (x86)/MiKTeX 2.9/fonts/type1/public/amsfonts/cm/cmmi12.pfb><C:/Program 
Files (x86)/MiKTeX 2.9/fonts/type1/public/amsfonts/cm/cmr12.pfb><C:/Program Fil
es (x86)/MiKTeX 2.9/fonts/type1/public/amsfonts/cm/cmr8.pfb><C:/Program Files (
x86)/MiKTeX 2.9/fonts/type1/public/amsfonts/cm/cmsy10.pfb><C:/Program Files (x8
6)/MiKTeX 2.9/fonts/type1/urw/courier/ucrr8a.pfb><C:/Program Files (x86)/MiKTeX
 2.9/fonts/type1/urw/times/utmb8a.pfb><C:/Program Files (x86)/MiKTeX 2.9/fonts/
type1/urw/times/utmbi8a.pfb><C:/Program Files (x86)/MiKTeX 2.9/fonts/type1/urw/
times/utmr8a.pfb><C:/Program Files (x86)/MiKTeX 2.9/fonts/type1/urw/times/utmri
8a.pfb>
Output written on ModeloTCC.pdf (39 pages, 186291 bytes).
PDF statistics:
 168 PDF objects out of 1000 (max. 8388607)
 0 named destinations out of 1000 (max. 500000)
 11 words of extra memory for PDF output out of 10000 (max. 10000000)

